<?xml version="1.0" encoding="UTF-8"?>
<!-- Generated by org.testng.reporters.JUnitXMLReporter -->
<testsuite ignored="0" hostname="LAPTOP-0I88CEL8" failures="1" tests="1" name="Surefire test" time="0.552" errors="0" timestamp="2024-11-24T00:46:37 IST">
  <testcase classname="com.sample.suites.FitPeoTest" name="@AfterMethod tearDown" time="0.003">
    <failure type="java.lang.NullPointerException" message="Cannot invoke &amp;quot;org.openqa.selenium.WebDriver.close()&amp;quot; because the return value of &amp;quot;com.sample.utils.DriverFactory.getWebDriver()&amp;quot; is null">
      <![CDATA[java.lang.NullPointerException: Cannot invoke "org.openqa.selenium.WebDriver.close()" because the return value of "com.sample.utils.DriverFactory.getWebDriver()" is null
at com.sample.suites.FitPeoTest.tearDown(FitPeoTest.java:28)
at java.base/java.util.ArrayList.forEach(ArrayList.java:1597)
... Removed 35 stack frames]]>
    </failure>
  </testcase> <!-- @AfterMethod tearDown -->
  <testcase classname="com.sample.suites.FitPeoTest" name="launchBrowser" time="0.008">
    <failure type="java.lang.NullPointerException" message="Cannot invoke &amp;quot;org.openqa.selenium.WebDriver.get(String)&amp;quot; because the return value of &amp;quot;com.sample.utils.DriverFactory.getWebDriver()&amp;quot; is null">
      <![CDATA[java.lang.NullPointerException: Cannot invoke "org.openqa.selenium.WebDriver.get(String)" because the return value of "com.sample.utils.DriverFactory.getWebDriver()" is null
at com.sample.ccl.WebActions.openURL(WebActions.java:22)
at com.sample.pages.FitPeoPage.openURL(FitPeoPage.java:12)
at com.sample.suites.FitPeoTest.launchBrowser(FitPeoTest.java:23)
at java.base/java.util.ArrayList.forEach(ArrayList.java:1597)
... Removed 30 stack frames]]>
    </failure>
  </testcase> <!-- launchBrowser -->
</testsuite> <!-- Surefire test -->
